TN:
SF:script/Deploy.s.sol
DA:8,0
FN:8,DeployScript.run
FNDA:0,DeployScript.run
FNF:1
FNH:0
LF:1
LH:0
BRF:0
BRH:0
end_of_record
TN:
SF:src/CrowdfundingCampaign.sol
DA:51,1
FN:51,CrowdfundingCampaign.inState
FNDA:1,CrowdfundingCampaign.inState
DA:53,1
DA:57,36
FN:57,CrowdfundingCampaign._inState
FNDA:36,CrowdfundingCampaign._inState
DA:58,36
BRDA:58,0,0,1
BRDA:58,0,1,35
DA:63,18
FN:63,CrowdfundingCampaign.constructor
FNDA:18,CrowdfundingCampaign.constructor
DA:70,18
BRDA:70,1,0,-
BRDA:70,1,1,18
DA:71,18
BRDA:71,2,0,-
BRDA:71,2,1,18
DA:72,18
DA:73,18
DA:74,18
DA:80,14
FN:80,CrowdfundingCampaign.start
FNDA:14,CrowdfundingCampaign.start
DA:88,12
DA:89,12
DA:93,10
FN:93,CrowdfundingCampaign.contribute
FNDA:10,CrowdfundingCampaign.contribute
DA:95,10
BRDA:95,3,0,-
BRDA:95,3,1,10
DA:96,10
BRDA:96,4,0,-
BRDA:96,4,1,10
DA:98,10
BRDA:98,5,0,9
DA:99,9
DA:102,10
DA:103,10
DA:104,10
DA:107,10
BRDA:107,6,0,3
DA:108,3
DA:113,6
FN:113,CrowdfundingCampaign.finalize
FNDA:6,CrowdfundingCampaign.finalize
DA:115,6
BRDA:115,7,0,1
BRDA:115,7,1,5
DA:116,5
BRDA:116,8,0,-
BRDA:116,8,1,5
DA:117,5
DA:122,2
FN:122,CrowdfundingCampaign.withdraw
FNDA:2,CrowdfundingCampaign.withdraw
DA:124,1
DA:125,1
BRDA:125,9,0,-
BRDA:125,9,1,1
DA:128,1
DA:130,1
DA:131,1
BRDA:131,10,0,-
BRDA:131,10,1,1
DA:133,1
DA:136,21
FN:136,CrowdfundingCampaign.changeState
FNDA:21,CrowdfundingCampaign.changeState
DA:137,21
DA:138,21
DA:142,6
FN:142,CrowdfundingCampaign.refund
FNDA:6,CrowdfundingCampaign.refund
DA:144,5
DA:145,5
BRDA:145,11,0,2
BRDA:145,11,1,3
DA:147,3
DA:148,3
DA:149,3
BRDA:149,12,0,1
BRDA:149,12,1,2
DA:152,2
DA:158,6
FN:158,CrowdfundingCampaign.getCampaignInfo
FNDA:6,CrowdfundingCampaign.getCampaignInfo
DA:171,6
DA:175,3
FN:175,CrowdfundingCampaign.getContribution
FNDA:3,CrowdfundingCampaign.getContribution
DA:179,3
FNF:11
FNH:11
LF:48
LH:48
BRF:24
BRH:17
end_of_record
TN:
SF:src/CrowdfundingFactory.sol
DA:27,18
FN:27,CrowdfundingFactory.createCampaign
FNDA:18,CrowdfundingFactory.createCampaign
DA:32,18
BRDA:32,0,0,-
BRDA:32,0,1,18
DA:33,18
BRDA:33,1,0,-
BRDA:33,1,1,18
DA:35,18
DA:41,18
DA:43,18
DA:45,18
DA:52,18
DA:58,1
FN:58,CrowdfundingFactory.getAllCampaigns
FNDA:1,CrowdfundingFactory.getAllCampaigns
DA:60,1
DA:64,1
FN:64,CrowdfundingFactory.getUserCampaigns
FNDA:1,CrowdfundingFactory.getUserCampaigns
DA:68,1
DA:72,1
FN:72,CrowdfundingFactory.getCampaignCount
FNDA:1,CrowdfundingFactory.getCampaignCount
DA:74,1
FNF:4
FNH:4
LF:14
LH:14
BRF:4
BRH:2
end_of_record
TN:
SF:test/ReentrancyAttacker.sol
DA:10,1
FN:10,ReentrancyAttacker.constructor
FNDA:1,ReentrancyAttacker.constructor
DA:11,1
DA:14,1
FN:14,ReentrancyAttacker.attack
FNDA:1,ReentrancyAttacker.attack
DA:15,1
DA:18,1
FN:18,ReentrancyAttacker.receive
FNDA:1,ReentrancyAttacker.receive
DA:19,1
DA:20,1
BRDA:20,0,0,1
DA:21,1
FNF:3
FNH:3
LF:8
LH:8
BRF:1
BRH:1
end_of_record
